# JRE version: OpenJDK Runtime Environment (11.0.13) (build 11.0.13+0-b1751.21-8125866)
# Java VM: OpenJDK 64-Bit Server VM (11.0.13+0-b1751.21-8125866, mixed mode, tiered, compressed oops, g1 gc, windows-amd64)
Heap:
 garbage-first heap   total 187392K, used 148485K [0x00000000a0000000, 0x0000000100000000)
  region size 1024K, 28 young (28672K), 3 survivors (3072K)
 Metaspace       used 92390K, capacity 95525K, committed 95696K, reserved 1132544K
  class space    used 12095K, capacity 13228K, committed 13344K, reserved 1048576K
GC Heap History (20 events):
Event: 18.050 GC heap before
{Heap before GC invocations=38 (full 0):
 garbage-first heap   total 155648K, used 87224K [0x00000000a0000000, 0x0000000100000000)
  region size 1024K, 5 young (5120K), 4 survivors (4096K)
 Metaspace       used 79442K, capacity 81858K, committed 82128K, reserved 1120256K
  class space    used 10321K, capacity 11219K, committed 11296K, reserved 1048576K
}
Event: 18.065 GC heap after
{Heap after GC invocations=39 (full 0):
 garbage-first heap   total 155648K, used 87844K [0x00000000a0000000, 0x0000000100000000)
  region size 1024K, 1 young (1024K), 1 survivors (1024K)
 Metaspace       used 79442K, capacity 81858K, committed 82128K, reserved 1120256K
  class space    used 10321K, capacity 11219K, committed 11296K, reserved 1048576K
}
Event: 20.274 GC heap before
{Heap before GC invocations=40 (full 0):
 garbage-first heap   total 155648K, used 119588K [0x00000000a0000000, 0x0000000100000000)
  region size 1024K, 33 young (33792K), 1 survivors (1024K)
 Metaspace       used 80579K, capacity 83104K, committed 83408K, reserved 1122304K
  class space    used 10495K, capacity 11451K, committed 11552K, reserved 1048576K
}
Event: 20.288 GC heap after
{Heap after GC invocations=41 (full 0):
 garbage-first heap   total 187392K, used 94969K [0x00000000a0000000, 0x0000000100000000)
  region size 1024K, 5 young (5120K), 5 survivors (5120K)
 Metaspace       used 80579K, capacity 83104K, committed 83408K, reserved 1122304K
  class space    used 10495K, capacity 11451K, committed 11552K, reserved 1048576K
}
Event: 20.531 GC heap before
{Heap before GC invocations=42 (full 0):
 garbage-first heap   total 187392K, used 98041K [0x00000000a0000000, 0x0000000100000000)
  region size 1024K, 8 young (8192K), 5 survivors (5120K)
 Metaspace       used 80579K, capacity 83104K, committed 83408K, reserved 1122304K
  class space    used 10495K, capacity 11451K, committed 11552K, reserved 1048576K
}
Event: 20.545 GC heap after
{Heap after GC invocations=43 (full 0):
 garbage-first heap   total 187392K, used 97242K [0x00000000a0000000, 0x0000000100000000)
  region size 1024K, 1 young (1024K), 1 survivors (1024K)
 Metaspace       used 80579K, capacity 83104K, committed 83408K, reserved 1122304K
  class space    used 10495K, capacity 11451K, committed 11552K, reserved 1048576K
}
Event: 21.636 GC heap before
{Heap before GC invocations=44 (full 0):
 garbage-first heap   total 187392K, used 128986K [0x00000000a0000000, 0x0000000100000000)
  region size 1024K, 31 young (31744K), 1 survivors (1024K)
 Metaspace       used 80981K, capacity 83667K, committed 83920K, reserved 1122304K
  class space    used 10549K, capacity 11520K, committed 11552K, reserved 1048576K
}
Event: 21.643 GC heap after
{Heap after GC invocations=45 (full 0):
 garbage-first heap   total 187392K, used 104699K [0x00000000a0000000, 0x0000000100000000)
  region size 1024K, 4 young (4096K), 4 survivors (4096K)
 Metaspace       used 80981K, capacity 83667K, committed 83920K, reserved 1122304K
  class space    used 10549K, capacity 11520K, committed 11552K, reserved 1048576K
}
Event: 22.379 GC heap before
{Heap before GC invocations=45 (full 0):
 garbage-first heap   total 187392K, used 134395K [0x00000000a0000000, 0x0000000100000000)
  region size 1024K, 33 young (33792K), 4 survivors (4096K)
 Metaspace       used 83248K, capacity 86065K, committed 86352K, reserved 1124352K
  class space    used 10867K, capacity 11859K, committed 11936K, reserved 1048576K
}
Event: 22.392 GC heap after
{Heap after GC invocations=46 (full 0):
 garbage-first heap   total 187392K, used 107563K [0x00000000a0000000, 0x0000000100000000)
  region size 1024K, 3 young (3072K), 3 survivors (3072K)
 Metaspace       used 83248K, capacity 86065K, committed 86352K, reserved 1124352K
  class space    used 10867K, capacity 11859K, committed 11936K, reserved 1048576K
}
Event: 23.087 GC heap before
{Heap before GC invocations=47 (full 0):
 garbage-first heap   total 187392K, used 138283K [0x00000000a0000000, 0x0000000100000000)
  region size 1024K, 33 young (33792K), 3 survivors (3072K)
 Metaspace       used 87153K, capacity 89974K, committed 90192K, reserved 1126400K
  class space    used 11411K, capacity 12425K, committed 12448K, reserved 1048576K
}
Event: 23.096 GC heap after
{Heap after GC invocations=48 (full 0):
 garbage-first heap   total 187392K, used 109056K [0x00000000a0000000, 0x0000000100000000)
  region size 1024K, 4 young (4096K), 4 survivors (4096K)
 Metaspace       used 87153K, capacity 89974K, committed 90192K, reserved 1126400K
  class space    used 11411K, capacity 12425K, committed 12448K, reserved 1048576K
}
Event: 23.775 GC heap before
{Heap before GC invocations=48 (full 0):
 garbage-first heap   total 187392K, used 140800K [0x00000000a0000000, 0x0000000100000000)
  region size 1024K, 35 young (35840K), 4 survivors (4096K)
 Metaspace       used 89190K, capacity 91999K, committed 92368K, reserved 1128448K
  class space    used 11659K, capacity 12705K, committed 12832K, reserved 1048576K
}
Event: 23.787 GC heap after
{Heap after GC invocations=49 (full 0):
 garbage-first heap   total 187392K, used 112054K [0x00000000a0000000, 0x0000000100000000)
  region size 1024K, 5 young (5120K), 5 survivors (5120K)
 Metaspace       used 89190K, capacity 91999K, committed 92368K, reserved 1128448K
  class space    used 11659K, capacity 12705K, committed 12832K, reserved 1048576K
}
Event: 24.642 GC heap before
{Heap before GC invocations=50 (full 0):
 garbage-first heap   total 187392K, used 143798K [0x00000000a0000000, 0x0000000100000000)
  region size 1024K, 36 young (36864K), 5 survivors (5120K)
 Metaspace       used 90108K, capacity 93059K, committed 93136K, reserved 1130496K
  class space    used 11752K, capacity 12776K, committed 12832K, reserved 1048576K
}
Event: 24.653 GC heap after
{Heap after GC invocations=51 (full 0):
 garbage-first heap   total 187392K, used 117354K [0x00000000a0000000, 0x0000000100000000)
  region size 1024K, 5 young (5120K), 5 survivors (5120K)
 Metaspace       used 90108K, capacity 93059K, committed 93136K, reserved 1130496K
  class space    used 11752K, capacity 12776K, committed 12832K, reserved 1048576K
}
Event: 25.281 GC heap before
{Heap before GC invocations=51 (full 0):
 garbage-first heap   total 187392K, used 148074K [0x00000000a0000000, 0x0000000100000000)
  region size 1024K, 35 young (35840K), 5 survivors (5120K)
 Metaspace       used 91582K, capacity 94624K, committed 94672K, reserved 1130496K
  class space    used 11959K, capacity 13077K, committed 13088K, reserved 1048576K
}
Event: 25.299 GC heap after
{Heap after GC invocations=52 (full 0):
 garbage-first heap   total 187392K, used 121374K [0x00000000a0000000, 0x0000000100000000)
  region size 1024K, 4 young (4096K), 4 survivors (4096K)
 Metaspace       used 91582K, capacity 94624K, committed 94672K, reserved 1130496K
  class space    used 11959K, capacity 13077K, committed 13088K, reserved 1048576K
}
Event: 25.842 GC heap before
{Heap before GC invocations=53 (full 0):
 garbage-first heap   total 187392K, used 151070K [0x00000000a0000000, 0x0000000100000000)
  region size 1024K, 33 young (33792K), 4 survivors (4096K)
 Metaspace       used 91831K, capacity 94862K, committed 95056K, reserved 1130496K
  class space    used 12006K, capacity 13115K, committed 13216K, reserved 1048576K
}
Event: 25.849 GC heap after
{Heap after GC invocations=54 (full 0):
 garbage-first heap   total 187392K, used 123909K [0x00000000a0000000, 0x0000000100000000)
  region size 1024K, 3 young (3072K), 3 survivors (3072K)
 Metaspace       used 91831K, capacity 94862K, committed 95056K, reserved 1130496K
  class space    used 12006K, capacity 13115K, committed 13216K, reserved 1048576K
}

